<?xml version="1.0" encoding="UTF-8"?>
<!-- Generated by org.testng.reporters.JUnitXMLReporter -->
<testsuite ignored="0" hostname="home-laptop" failures="0" tests="5" name="Test" time="70.879" errors="0" timestamp="2024-02-18T16:28:22 IST">
  <testcase classname="com.opencart.tests.SearchTest" name="searchWithValidKeyword" time="1.434"/>
  <testcase classname="com.opencart.tests.SearchTest" name="searchForNonExistingProduct" time="1.032"/>
  <testcase classname="com.opencart.tests.SearchTest" name="sarchWithoutProductName" time="1.009"/>
  <testcase classname="com.opencart.tests.SearchTest" name="searchWithCaseInSensitiveProductName" time="1.067"/>
  <testcase classname="com.opencart.tests.SearchTest" name="searchWithMultipleKeyword" time="1.201"/>
</testsuite> <!-- Test -->
