<?xml version="1.0" encoding="UTF-8"?>
<!-- Generated by org.testng.reporters.JUnitXMLReporter -->
<testsuite ignored="0" hostname="home-laptop" failures="0" tests="5" name="Test" time="61.512" errors="0" timestamp="2024-02-15T15:11:46 IST">
  <testcase classname="com.opencart.tests.LoginTest" name="testLoginLinkDisplay" time="0.403"/>
  <testcase classname="com.opencart.tests.LoginTest" name="loginWithTrueEmailAndTruePassword" time="2.181"/>
  <testcase classname="com.opencart.tests.LoginTest" name="loginWithTrueEmailAndFalsePassword" time="1.778"/>
  <testcase classname="com.opencart.tests.LoginTest" name="loginWithFalseEmailAndTruePassword" time="1.901"/>
  <testcase classname="com.opencart.tests.LoginTest" name="loginWithFalseEmailAndFalsePassword" time="1.85"/>
</testsuite> <!-- Test -->
