<?xml version="1.0" encoding="UTF-8"?>
<!-- Generated by org.testng.reporters.JUnitXMLReporter -->
<testsuite ignored="0" hostname="home-laptop" failures="0" tests="14" name="Test" time="222.21" errors="0" timestamp="2024-10-17T20:47:41 IST">
  <testcase classname="com.opencart.tests.RegisterTest" name="testValidRegistration" time="8.077"/>
  <testcase classname="com.opencart.tests.RegisterTest" name="testRegistrationWithExistingEmail" time="6.123"/>
  <testcase classname="com.opencart.tests.RegisterTest" name="testRegistrationWithInvalidPasswordConfirmation" time="6.518"/>
  <testcase classname="com.opencart.tests.LoginTest" name="loginWithValidEmailAndPassword" time="3.616"/>
  <testcase classname="com.opencart.tests.LoginTest" name="loginWithTrueEmailAndFalsePassword" time="3.43"/>
  <testcase classname="com.opencart.tests.LoginTest" name="loginWithFalseEmailAndTruePassword" time="3.354"/>
  <testcase classname="com.opencart.tests.LoginTest" name="loginWithFalseEmailAndFalsePassword" time="3.463"/>
  <testcase classname="com.opencart.tests.LogoutTest" name="validateLoginFromMyaccountOptions" time="4.729"/>
  <testcase classname="com.opencart.tests.LogoutTest" name="validateLoginFromColumn" time="4.144"/>
  <testcase classname="com.opencart.tests.SearchTest" name="searchWithValidKeyword" time="1.852"/>
  <testcase classname="com.opencart.tests.SearchTest" name="searchForNonExistingProduct" time="1.601"/>
  <testcase classname="com.opencart.tests.SearchTest" name="sarchWithoutProductName" time="1.823"/>
  <testcase classname="com.opencart.tests.SearchTest" name="searchWithCaseInSensitiveProductName" time="2.031"/>
  <testcase classname="com.opencart.tests.SearchTest" name="searchWithMultipleKeyword" time="1.848"/>
</testsuite> <!-- Test -->
