<?xml version="1.0" encoding="UTF-8"?>
<testng-results ignored="0" total="14" passed="14" failed="0" skipped="0">
  <reporter-output>
  </reporter-output>
  <suite started-at="2024-10-17T20:43:56 IST" name="Suite" finished-at="2024-10-17T20:47:38 IST" duration-ms="222210">
    <groups>
    </groups>
    <test started-at="2024-10-17T20:43:56 IST" name="Test" finished-at="2024-10-17T20:47:38 IST" duration-ms="222210">
      <class name="com.opencart.tests.LogoutTest">
        <test-method is-config="true" signature="setup(java.lang.String)[pri:0, instance:com.opencart.tests.LogoutTest@4ec4f3a0]" started-at="2024-10-17T20:46:04 IST" name="setup" finished-at="2024-10-17T20:46:14 IST" duration-ms="10933" status="PASS">
          <params>
            <param index="0">
              <value>
                <![CDATA[chrome]]>
              </value>
            </param>
          </params>
          <reporter-output>
          </reporter-output>
        </test-method> <!-- setup -->
        <test-method signature="validateLoginFromMyaccountOptions(java.lang.String,java.lang.String)[pri:0, instance:com.opencart.tests.LogoutTest@4ec4f3a0]" started-at="2024-10-17T20:46:14 IST" name="validateLoginFromMyaccountOptions" data-provider="valid_email_password" finished-at="2024-10-17T20:46:19 IST" duration-ms="4729" status="PASS">
          <params>
            <param index="0">
              <value>
                <![CDATA[sony@gmail.com]]>
              </value>
            </param>
            <param index="1">
              <value>
                <![CDATA[sony@123]]>
              </value>
            </param>
          </params>
          <reporter-output>
          </reporter-output>
        </test-method> <!-- validateLoginFromMyaccountOptions -->
        <test-method is-config="true" signature="tearDown()[pri:0, instance:com.opencart.tests.LogoutTest@4ec4f3a0]" started-at="2024-10-17T20:46:19 IST" name="tearDown" finished-at="2024-10-17T20:46:20 IST" duration-ms="744" status="PASS">
          <reporter-output>
          </reporter-output>
        </test-method> <!-- tearDown -->
        <test-method is-config="true" signature="setup(java.lang.String)[pri:0, instance:com.opencart.tests.LogoutTest@4ec4f3a0]" started-at="2024-10-17T20:46:20 IST" name="setup" finished-at="2024-10-17T20:46:31 IST" duration-ms="10569" status="PASS">
          <params>
            <param index="0">
              <value>
                <![CDATA[chrome]]>
              </value>
            </param>
          </params>
          <reporter-output>
          </reporter-output>
        </test-method> <!-- setup -->
        <test-method signature="validateLoginFromColumn(java.lang.String,java.lang.String)[pri:1, instance:com.opencart.tests.LogoutTest@4ec4f3a0]" started-at="2024-10-17T20:46:31 IST" name="validateLoginFromColumn" data-provider="valid_email_password" finished-at="2024-10-17T20:46:35 IST" duration-ms="4144" status="PASS">
          <params>
            <param index="0">
              <value>
                <![CDATA[sony@gmail.com]]>
              </value>
            </param>
            <param index="1">
              <value>
                <![CDATA[sony@123]]>
              </value>
            </param>
          </params>
          <reporter-output>
          </reporter-output>
        </test-method> <!-- validateLoginFromColumn -->
        <test-method is-config="true" signature="tearDown()[pri:0, instance:com.opencart.tests.LogoutTest@4ec4f3a0]" started-at="2024-10-17T20:46:35 IST" name="tearDown" finished-at="2024-10-17T20:46:36 IST" duration-ms="820" status="PASS">
          <reporter-output>
          </reporter-output>
        </test-method> <!-- tearDown -->
      </class> <!-- com.opencart.tests.LogoutTest -->
      <class name="com.opencart.tests.LoginTest">
        <test-method is-config="true" signature="setup(java.lang.String)[pri:0, instance:com.opencart.tests.LoginTest@4550bb58]" started-at="2024-10-17T20:45:03 IST" name="setup" finished-at="2024-10-17T20:45:13 IST" duration-ms="10033" status="PASS">
          <params>
            <param index="0">
              <value>
                <![CDATA[chrome]]>
              </value>
            </param>
          </params>
          <reporter-output>
          </reporter-output>
        </test-method> <!-- setup -->
        <test-method signature="loginWithValidEmailAndPassword(java.lang.String,java.lang.String)[pri:0, instance:com.opencart.tests.LoginTest@4550bb58]" started-at="2024-10-17T20:45:13 IST" name="loginWithValidEmailAndPassword" data-provider="valid_email_password" finished-at="2024-10-17T20:45:17 IST" duration-ms="3616" status="PASS">
          <params>
            <param index="0">
              <value>
                <![CDATA[sony@gmail.com]]>
              </value>
            </param>
            <param index="1">
              <value>
                <![CDATA[sony@123]]>
              </value>
            </param>
          </params>
          <reporter-output>
          </reporter-output>
        </test-method> <!-- loginWithValidEmailAndPassword -->
        <test-method is-config="true" signature="tearDown()[pri:0, instance:com.opencart.tests.LoginTest@4550bb58]" started-at="2024-10-17T20:45:17 IST" name="tearDown" finished-at="2024-10-17T20:45:17 IST" duration-ms="630" status="PASS">
          <reporter-output>
          </reporter-output>
        </test-method> <!-- tearDown -->
        <test-method is-config="true" signature="setup(java.lang.String)[pri:0, instance:com.opencart.tests.LoginTest@4550bb58]" started-at="2024-10-17T20:45:18 IST" name="setup" finished-at="2024-10-17T20:45:28 IST" duration-ms="10367" status="PASS">
          <params>
            <param index="0">
              <value>
                <![CDATA[chrome]]>
              </value>
            </param>
          </params>
          <reporter-output>
          </reporter-output>
        </test-method> <!-- setup -->
        <test-method signature="loginWithTrueEmailAndFalsePassword(java.lang.String,java.lang.String)[pri:1, instance:com.opencart.tests.LoginTest@4550bb58]" started-at="2024-10-17T20:45:28 IST" name="loginWithTrueEmailAndFalsePassword" data-provider="valid_email_invalid_password" finished-at="2024-10-17T20:45:32 IST" duration-ms="3430" status="PASS">
          <params>
            <param index="0">
              <value>
                <![CDATA[sony@gmail.com]]>
              </value>
            </param>
            <param index="1">
              <value>
                <![CDATA[sony@1234]]>
              </value>
            </param>
          </params>
          <reporter-output>
          </reporter-output>
        </test-method> <!-- loginWithTrueEmailAndFalsePassword -->
        <test-method is-config="true" signature="tearDown()[pri:0, instance:com.opencart.tests.LoginTest@4550bb58]" started-at="2024-10-17T20:45:32 IST" name="tearDown" finished-at="2024-10-17T20:45:32 IST" duration-ms="856" status="PASS">
          <reporter-output>
          </reporter-output>
        </test-method> <!-- tearDown -->
        <test-method is-config="true" signature="setup(java.lang.String)[pri:0, instance:com.opencart.tests.LoginTest@4550bb58]" started-at="2024-10-17T20:45:33 IST" name="setup" finished-at="2024-10-17T20:45:44 IST" duration-ms="11317" status="PASS">
          <params>
            <param index="0">
              <value>
                <![CDATA[chrome]]>
              </value>
            </param>
          </params>
          <reporter-output>
          </reporter-output>
        </test-method> <!-- setup -->
        <test-method signature="loginWithFalseEmailAndTruePassword(java.lang.String,java.lang.String)[pri:2, instance:com.opencart.tests.LoginTest@4550bb58]" started-at="2024-10-17T20:45:44 IST" name="loginWithFalseEmailAndTruePassword" data-provider="invalid_email_valid_password" finished-at="2024-10-17T20:45:48 IST" duration-ms="3354" status="PASS">
          <params>
            <param index="0">
              <value>
                <![CDATA[abc@gmail.com]]>
              </value>
            </param>
            <param index="1">
              <value>
                <![CDATA[sony@123]]>
              </value>
            </param>
          </params>
          <reporter-output>
          </reporter-output>
        </test-method> <!-- loginWithFalseEmailAndTruePassword -->
        <test-method is-config="true" signature="tearDown()[pri:0, instance:com.opencart.tests.LoginTest@4550bb58]" started-at="2024-10-17T20:45:48 IST" name="tearDown" finished-at="2024-10-17T20:45:48 IST" duration-ms="713" status="PASS">
          <reporter-output>
          </reporter-output>
        </test-method> <!-- tearDown -->
        <test-method is-config="true" signature="setup(java.lang.String)[pri:0, instance:com.opencart.tests.LoginTest@4550bb58]" started-at="2024-10-17T20:45:49 IST" name="setup" finished-at="2024-10-17T20:45:59 IST" duration-ms="10343" status="PASS">
          <params>
            <param index="0">
              <value>
                <![CDATA[chrome]]>
              </value>
            </param>
          </params>
          <reporter-output>
          </reporter-output>
        </test-method> <!-- setup -->
        <test-method signature="loginWithFalseEmailAndFalsePassword(java.lang.String,java.lang.String)[pri:3, instance:com.opencart.tests.LoginTest@4550bb58]" started-at="2024-10-17T20:45:59 IST" name="loginWithFalseEmailAndFalsePassword" data-provider="invalid_email_password" finished-at="2024-10-17T20:46:03 IST" duration-ms="3463" status="PASS">
          <params>
            <param index="0">
              <value>
                <![CDATA[xyz@yahoo.com]]>
              </value>
            </param>
            <param index="1">
              <value>
                <![CDATA[xyz@12345]]>
              </value>
            </param>
          </params>
          <reporter-output>
          </reporter-output>
        </test-method> <!-- loginWithFalseEmailAndFalsePassword -->
        <test-method is-config="true" signature="tearDown()[pri:0, instance:com.opencart.tests.LoginTest@4550bb58]" started-at="2024-10-17T20:46:03 IST" name="tearDown" finished-at="2024-10-17T20:46:03 IST" duration-ms="669" status="PASS">
          <reporter-output>
          </reporter-output>
        </test-method> <!-- tearDown -->
      </class> <!-- com.opencart.tests.LoginTest -->
      <class name="com.opencart.tests.RegisterTest">
        <test-method is-config="true" signature="setup(java.lang.String)[pri:0, instance:com.opencart.tests.RegisterTest@12468a38]" started-at="2024-10-17T20:43:57 IST" name="setup" finished-at="2024-10-17T20:44:16 IST" duration-ms="18974" status="PASS">
          <params>
            <param index="0">
              <value>
                <![CDATA[chrome]]>
              </value>
            </param>
          </params>
          <reporter-output>
          </reporter-output>
        </test-method> <!-- setup -->
        <test-method signature="testValidRegistration()[pri:0, instance:com.opencart.tests.RegisterTest@12468a38]" started-at="2024-10-17T20:44:16 IST" name="testValidRegistration" finished-at="2024-10-17T20:44:24 IST" duration-ms="8077" status="PASS">
          <reporter-output>
          </reporter-output>
        </test-method> <!-- testValidRegistration -->
        <test-method is-config="true" signature="tearDown()[pri:0, instance:com.opencart.tests.RegisterTest@12468a38]" started-at="2024-10-17T20:44:24 IST" name="tearDown" finished-at="2024-10-17T20:44:25 IST" duration-ms="751" status="PASS">
          <reporter-output>
          </reporter-output>
        </test-method> <!-- tearDown -->
        <test-method is-config="true" signature="setup(java.lang.String)[pri:0, instance:com.opencart.tests.RegisterTest@12468a38]" started-at="2024-10-17T20:44:25 IST" name="setup" finished-at="2024-10-17T20:44:35 IST" duration-ms="10273" status="PASS">
          <params>
            <param index="0">
              <value>
                <![CDATA[chrome]]>
              </value>
            </param>
          </params>
          <reporter-output>
          </reporter-output>
        </test-method> <!-- setup -->
        <test-method signature="testRegistrationWithExistingEmail()[pri:1, instance:com.opencart.tests.RegisterTest@12468a38]" started-at="2024-10-17T20:44:35 IST" name="testRegistrationWithExistingEmail" finished-at="2024-10-17T20:44:41 IST" duration-ms="6123" status="PASS">
          <reporter-output>
          </reporter-output>
        </test-method> <!-- testRegistrationWithExistingEmail -->
        <test-method is-config="true" signature="tearDown()[pri:0, instance:com.opencart.tests.RegisterTest@12468a38]" started-at="2024-10-17T20:44:41 IST" name="tearDown" finished-at="2024-10-17T20:44:42 IST" duration-ms="687" status="PASS">
          <reporter-output>
          </reporter-output>
        </test-method> <!-- tearDown -->
        <test-method is-config="true" signature="setup(java.lang.String)[pri:0, instance:com.opencart.tests.RegisterTest@12468a38]" started-at="2024-10-17T20:44:42 IST" name="setup" finished-at="2024-10-17T20:44:52 IST" duration-ms="10304" status="PASS">
          <params>
            <param index="0">
              <value>
                <![CDATA[chrome]]>
              </value>
            </param>
          </params>
          <reporter-output>
          </reporter-output>
        </test-method> <!-- setup -->
        <test-method signature="testRegistrationWithInvalidPasswordConfirmation()[pri:2, instance:com.opencart.tests.RegisterTest@12468a38]" started-at="2024-10-17T20:44:52 IST" name="testRegistrationWithInvalidPasswordConfirmation" finished-at="2024-10-17T20:44:59 IST" duration-ms="6518" status="PASS">
          <reporter-output>
          </reporter-output>
        </test-method> <!-- testRegistrationWithInvalidPasswordConfirmation -->
        <test-method is-config="true" signature="tearDown()[pri:0, instance:com.opencart.tests.RegisterTest@12468a38]" started-at="2024-10-17T20:44:59 IST" name="tearDown" finished-at="2024-10-17T20:45:00 IST" duration-ms="1506" status="PASS">
          <reporter-output>
          </reporter-output>
        </test-method> <!-- tearDown -->
      </class> <!-- com.opencart.tests.RegisterTest -->
      <class name="com.opencart.tests.SearchTest">
        <test-method is-config="true" signature="setup(java.lang.String)[pri:0, instance:com.opencart.tests.SearchTest@223191a6]" started-at="2024-10-17T20:46:36 IST" name="setup" finished-at="2024-10-17T20:46:45 IST" duration-ms="9649" status="PASS">
          <params>
            <param index="0">
              <value>
                <![CDATA[chrome]]>
              </value>
            </param>
          </params>
          <reporter-output>
          </reporter-output>
        </test-method> <!-- setup -->
        <test-method signature="searchWithValidKeyword()[pri:0, instance:com.opencart.tests.SearchTest@223191a6]" started-at="2024-10-17T20:46:45 IST" name="searchWithValidKeyword" finished-at="2024-10-17T20:46:47 IST" duration-ms="1852" status="PASS">
          <reporter-output>
          </reporter-output>
        </test-method> <!-- searchWithValidKeyword -->
        <test-method is-config="true" signature="tearDown()[pri:0, instance:com.opencart.tests.SearchTest@223191a6]" started-at="2024-10-17T20:46:47 IST" name="tearDown" finished-at="2024-10-17T20:46:48 IST" duration-ms="613" status="PASS">
          <reporter-output>
          </reporter-output>
        </test-method> <!-- tearDown -->
        <test-method is-config="true" signature="setup(java.lang.String)[pri:0, instance:com.opencart.tests.SearchTest@223191a6]" started-at="2024-10-17T20:46:48 IST" name="setup" finished-at="2024-10-17T20:46:58 IST" duration-ms="9690" status="PASS">
          <params>
            <param index="0">
              <value>
                <![CDATA[chrome]]>
              </value>
            </param>
          </params>
          <reporter-output>
          </reporter-output>
        </test-method> <!-- setup -->
        <test-method signature="searchForNonExistingProduct()[pri:1, instance:com.opencart.tests.SearchTest@223191a6]" started-at="2024-10-17T20:46:58 IST" name="searchForNonExistingProduct" finished-at="2024-10-17T20:46:59 IST" duration-ms="1601" status="PASS">
          <reporter-output>
          </reporter-output>
        </test-method> <!-- searchForNonExistingProduct -->
        <test-method is-config="true" signature="tearDown()[pri:0, instance:com.opencart.tests.SearchTest@223191a6]" started-at="2024-10-17T20:46:59 IST" name="tearDown" finished-at="2024-10-17T20:47:00 IST" duration-ms="603" status="PASS">
          <reporter-output>
          </reporter-output>
        </test-method> <!-- tearDown -->
        <test-method is-config="true" signature="setup(java.lang.String)[pri:0, instance:com.opencart.tests.SearchTest@223191a6]" started-at="2024-10-17T20:47:00 IST" name="setup" finished-at="2024-10-17T20:47:10 IST" duration-ms="10451" status="PASS">
          <params>
            <param index="0">
              <value>
                <![CDATA[chrome]]>
              </value>
            </param>
          </params>
          <reporter-output>
          </reporter-output>
        </test-method> <!-- setup -->
        <test-method signature="sarchWithoutProductName()[pri:2, instance:com.opencart.tests.SearchTest@223191a6]" started-at="2024-10-17T20:47:10 IST" name="sarchWithoutProductName" finished-at="2024-10-17T20:47:12 IST" duration-ms="1823" status="PASS">
          <reporter-output>
          </reporter-output>
        </test-method> <!-- sarchWithoutProductName -->
        <test-method is-config="true" signature="tearDown()[pri:0, instance:com.opencart.tests.SearchTest@223191a6]" started-at="2024-10-17T20:47:12 IST" name="tearDown" finished-at="2024-10-17T20:47:13 IST" duration-ms="937" status="PASS">
          <reporter-output>
          </reporter-output>
        </test-method> <!-- tearDown -->
        <test-method is-config="true" signature="setup(java.lang.String)[pri:0, instance:com.opencart.tests.SearchTest@223191a6]" started-at="2024-10-17T20:47:13 IST" name="setup" finished-at="2024-10-17T20:47:23 IST" duration-ms="10168" status="PASS">
          <params>
            <param index="0">
              <value>
                <![CDATA[chrome]]>
              </value>
            </param>
          </params>
          <reporter-output>
          </reporter-output>
        </test-method> <!-- setup -->
        <test-method signature="searchWithCaseInSensitiveProductName()[pri:3, instance:com.opencart.tests.SearchTest@223191a6]" started-at="2024-10-17T20:47:23 IST" name="searchWithCaseInSensitiveProductName" finished-at="2024-10-17T20:47:25 IST" duration-ms="2031" status="PASS">
          <reporter-output>
          </reporter-output>
        </test-method> <!-- searchWithCaseInSensitiveProductName -->
        <test-method is-config="true" signature="tearDown()[pri:0, instance:com.opencart.tests.SearchTest@223191a6]" started-at="2024-10-17T20:47:25 IST" name="tearDown" finished-at="2024-10-17T20:47:26 IST" duration-ms="675" status="PASS">
          <reporter-output>
          </reporter-output>
        </test-method> <!-- tearDown -->
        <test-method is-config="true" signature="setup(java.lang.String)[pri:0, instance:com.opencart.tests.SearchTest@223191a6]" started-at="2024-10-17T20:47:26 IST" name="setup" finished-at="2024-10-17T20:47:36 IST" duration-ms="9629" status="PASS">
          <params>
            <param index="0">
              <value>
                <![CDATA[chrome]]>
              </value>
            </param>
          </params>
          <reporter-output>
          </reporter-output>
        </test-method> <!-- setup -->
        <test-method signature="searchWithMultipleKeyword()[pri:4, instance:com.opencart.tests.SearchTest@223191a6]" started-at="2024-10-17T20:47:36 IST" name="searchWithMultipleKeyword" finished-at="2024-10-17T20:47:37 IST" duration-ms="1848" status="PASS">
          <reporter-output>
          </reporter-output>
        </test-method> <!-- searchWithMultipleKeyword -->
        <test-method is-config="true" signature="tearDown()[pri:0, instance:com.opencart.tests.SearchTest@223191a6]" started-at="2024-10-17T20:47:37 IST" name="tearDown" finished-at="2024-10-17T20:47:38 IST" duration-ms="592" status="PASS">
          <reporter-output>
          </reporter-output>
        </test-method> <!-- tearDown -->
      </class> <!-- com.opencart.tests.SearchTest -->
    </test> <!-- Test -->
  </suite> <!-- Suite -->
</testng-results>
