<?xml version="1.0" encoding="UTF-8"?>
<testsuite xmlns:xsi="http://www.w3.org/2001/XMLSchema-instance" xsi:noNamespaceSchemaLocation="https://maven.apache.org/surefire/maven-surefire-plugin/xsd/surefire-test-report-3.0.xsd" version="3.0" name="TestSuite" time="228.4" tests="14" errors="0" skipped="0" failures="0">
  <properties>
[...]
</properties>
  <testcase name="testValidRegistration" classname="com.opencart.tests.RegisterTest" time="8.093">
    <system-out><![CDATA[successfully clicked on element - [[ChromeDriver: chrome on windows (83f00926b364117e09d37eaebbeb44da)] -> xpath: //span[normalize-space()='My Account']]
Register - selected from options
successfully entered value
successfully entered value
successfully entered value
successfully entered value
successfully entered value
successfully entered value
successfully clicked on element - [[ChromeDriver: chrome on windows (83f00926b364117e09d37eaebbeb44da)] -> xpath: //input[@name='agree']]
successfully clicked on element - Proxy element for: DefaultElementLocator 'By.xpath: //input[@value='Continue']'
Inner text is: "Your Account Has Been Created!"
]]></system-out>
    <system-err><![CDATA[SLF4J: Failed to load class "org.slf4j.impl.StaticLoggerBinder".
SLF4J: Defaulting to no-operation (NOP) logger implementation
SLF4J: See http://www.slf4j.org/codes.html#StaticLoggerBinder for further details.
ERROR StatusLogger Log4j2 could not find a logging implementation. Please add log4j-core to the classpath. Using SimpleLogger to log to the console...
Oct 17, 2024 8:44:05 PM org.openqa.selenium.devtools.CdpVersionFinder findNearestMatch
WARNING: Unable to find CDP implementation matching 130
Oct 17, 2024 8:44:05 PM org.openqa.selenium.chromium.ChromiumDriver lambda$new$5
WARNING: Unable to find version of CDP to use for 130.0.6723.59. You may need to include a dependency on a specific version of the CDP using something similar to `org.seleniumhq.selenium:selenium-devtools-v86:4.12.1` where the version ("v86") matches the version of the chromium-based browser you're using and the version number of the artifact is the same as Selenium's.
]]></system-err>
  </testcase>
  <testcase name="testRegistrationWithExistingEmail" classname="com.opencart.tests.RegisterTest" time="6.133">
    <system-out><![CDATA[successfully clicked on element - [[ChromeDriver: chrome on windows (66828efa5079170a07631ded72a4a1de)] -> xpath: //span[normalize-space()='My Account']]
Register - selected from options
successfully entered value
successfully entered value
successfully entered value
successfully entered value
successfully entered value
successfully entered value
successfully clicked on element - [[ChromeDriver: chrome on windows (66828efa5079170a07631ded72a4a1de)] -> xpath: //input[@name='agree']]
successfully clicked on element - [[ChromeDriver: chrome on windows (66828efa5079170a07631ded72a4a1de)] -> xpath: //input[@value='Continue']]
Inner text is: "Warning: E-Mail Address is already registered!"
]]></system-out>
    <system-err><![CDATA[Oct 17, 2024 8:44:28 PM org.openqa.selenium.devtools.CdpVersionFinder findNearestMatch
WARNING: Unable to find CDP implementation matching 130
Oct 17, 2024 8:44:28 PM org.openqa.selenium.chromium.ChromiumDriver lambda$new$5
WARNING: Unable to find version of CDP to use for 130.0.6723.59. You may need to include a dependency on a specific version of the CDP using something similar to `org.seleniumhq.selenium:selenium-devtools-v86:4.12.1` where the version ("v86") matches the version of the chromium-based browser you're using and the version number of the artifact is the same as Selenium's.
]]></system-err>
  </testcase>
  <testcase name="testRegistrationWithInvalidPasswordConfirmation" classname="com.opencart.tests.RegisterTest" time="6.534">
    <system-out><![CDATA[successfully clicked on element - [[ChromeDriver: chrome on windows (a672bca469eff7b733695cc17b955fc0)] -> xpath: //span[normalize-space()='My Account']]
Register - selected from options
successfully entered value
successfully entered value
successfully entered value
successfully entered value
successfully entered value
successfully entered value
successfully clicked on element - [[ChromeDriver: chrome on windows (a672bca469eff7b733695cc17b955fc0)] -> xpath: //input[@name='agree']]
successfully clicked on element - [[ChromeDriver: chrome on windows (a672bca469eff7b733695cc17b955fc0)] -> xpath: //input[@value='Continue']]
Inner text is: "Password confirmation does not match password!"
]]></system-out>
    <system-err><![CDATA[Oct 17, 2024 8:44:45 PM org.openqa.selenium.devtools.CdpVersionFinder findNearestMatch
WARNING: Unable to find CDP implementation matching 130
Oct 17, 2024 8:44:45 PM org.openqa.selenium.chromium.ChromiumDriver lambda$new$5
WARNING: Unable to find version of CDP to use for 130.0.6723.59. You may need to include a dependency on a specific version of the CDP using something similar to `org.seleniumhq.selenium:selenium-devtools-v86:4.12.1` where the version ("v86") matches the version of the chromium-based browser you're using and the version number of the artifact is the same as Selenium's.
]]></system-err>
  </testcase>
  <testcase name="loginWithValidEmailAndPassword[sony@gmail.com, sony@123](1)" classname="com.opencart.tests.LoginTest" time="3.613">
    <system-out><![CDATA[successfully clicked on element - [[ChromeDriver: chrome on windows (20baf058add8f015d31da2cd9be2d89c)] -> xpath: //span[normalize-space()='My Account']]
Login - selected from options
successfully entered value
successfully entered value
successfully clicked on element - Proxy element for: DefaultElementLocator 'By.xpath: //input[@value='Login']'
Current URL is: "https://tutorialsninja.com/demo/index.php?route=account/account"
]]></system-out>
    <system-err><![CDATA[Oct 17, 2024 8:45:05 PM org.openqa.selenium.devtools.CdpVersionFinder findNearestMatch
WARNING: Unable to find CDP implementation matching 130
Oct 17, 2024 8:45:05 PM org.openqa.selenium.chromium.ChromiumDriver lambda$new$5
WARNING: Unable to find version of CDP to use for 130.0.6723.59. You may need to include a dependency on a specific version of the CDP using something similar to `org.seleniumhq.selenium:selenium-devtools-v86:4.12.1` where the version ("v86") matches the version of the chromium-based browser you're using and the version number of the artifact is the same as Selenium's.
]]></system-err>
  </testcase>
  <testcase name="loginWithTrueEmailAndFalsePassword[sony@gmail.com, sony@1234](1)" classname="com.opencart.tests.LoginTest" time="3.434">
    <system-out><![CDATA[successfully clicked on element - [[ChromeDriver: chrome on windows (03f58a75fad561d5e05daf68f158b9b1)] -> xpath: //span[normalize-space()='My Account']]
Login - selected from options
successfully entered value
successfully entered value
successfully clicked on element - [[ChromeDriver: chrome on windows (03f58a75fad561d5e05daf68f158b9b1)] -> xpath: //input[@value='Login']]
Inner text is: "Warning: No match for E-Mail Address and/or Password."
]]></system-out>
    <system-err><![CDATA[Oct 17, 2024 8:45:20 PM org.openqa.selenium.devtools.CdpVersionFinder findNearestMatch
WARNING: Unable to find CDP implementation matching 130
Oct 17, 2024 8:45:20 PM org.openqa.selenium.chromium.ChromiumDriver lambda$new$5
WARNING: Unable to find version of CDP to use for 130.0.6723.59. You may need to include a dependency on a specific version of the CDP using something similar to `org.seleniumhq.selenium:selenium-devtools-v86:4.12.1` where the version ("v86") matches the version of the chromium-based browser you're using and the version number of the artifact is the same as Selenium's.
]]></system-err>
  </testcase>
  <testcase name="loginWithFalseEmailAndTruePassword[abc@gmail.com, sony@123](1)" classname="com.opencart.tests.LoginTest" time="3.355">
    <system-out><![CDATA[successfully clicked on element - [[ChromeDriver: chrome on windows (2fabd2541712001ad1e62454d15424ff)] -> xpath: //span[normalize-space()='My Account']]
Login - selected from options
successfully entered value
successfully entered value
successfully clicked on element - [[ChromeDriver: chrome on windows (2fabd2541712001ad1e62454d15424ff)] -> xpath: //input[@value='Login']]
Inner text is: "Warning: No match for E-Mail Address and/or Password."
]]></system-out>
    <system-err><![CDATA[Oct 17, 2024 8:45:35 PM org.openqa.selenium.devtools.CdpVersionFinder findNearestMatch
WARNING: Unable to find CDP implementation matching 130
Oct 17, 2024 8:45:35 PM org.openqa.selenium.chromium.ChromiumDriver lambda$new$5
WARNING: Unable to find version of CDP to use for 130.0.6723.59. You may need to include a dependency on a specific version of the CDP using something similar to `org.seleniumhq.selenium:selenium-devtools-v86:4.12.1` where the version ("v86") matches the version of the chromium-based browser you're using and the version number of the artifact is the same as Selenium's.
]]></system-err>
  </testcase>
  <testcase name="loginWithFalseEmailAndFalsePassword[xyz@yahoo.com, xyz@12345](1)" classname="com.opencart.tests.LoginTest" time="3.47">
    <system-out><![CDATA[successfully clicked on element - [[ChromeDriver: chrome on windows (fff06d0391854d1bfdb09b65be725447)] -> xpath: //span[normalize-space()='My Account']]
Login - selected from options
successfully entered value
successfully entered value
successfully clicked on element - [[ChromeDriver: chrome on windows (fff06d0391854d1bfdb09b65be725447)] -> xpath: //input[@value='Login']]
Inner text is: "Warning: No match for E-Mail Address and/or Password."
]]></system-out>
    <system-err><![CDATA[Oct 17, 2024 8:45:51 PM org.openqa.selenium.devtools.CdpVersionFinder findNearestMatch
WARNING: Unable to find CDP implementation matching 130
Oct 17, 2024 8:45:51 PM org.openqa.selenium.chromium.ChromiumDriver lambda$new$5
WARNING: Unable to find version of CDP to use for 130.0.6723.59. You may need to include a dependency on a specific version of the CDP using something similar to `org.seleniumhq.selenium:selenium-devtools-v86:4.12.1` where the version ("v86") matches the version of the chromium-based browser you're using and the version number of the artifact is the same as Selenium's.
]]></system-err>
  </testcase>
  <testcase name="validateLoginFromMyaccountOptions[sony@gmail.com, sony@123](1)" classname="com.opencart.tests.LogoutTest" time="4.732">
    <system-out><![CDATA[successfully clicked on element - [[ChromeDriver: chrome on windows (72a40fbea3fcb78394841a84e990c8fb)] -> xpath: //span[normalize-space()='My Account']]
Login - selected from options
successfully entered value
successfully entered value
successfully clicked on element - Proxy element for: DefaultElementLocator 'By.xpath: //input[@value='Login']'
successfully clicked on element - [[ChromeDriver: chrome on windows (72a40fbea3fcb78394841a84e990c8fb)] -> xpath: //span[normalize-space()='My Account']]
Logout - selected from options
Inner text is: "Account Logout"
]]></system-out>
    <system-err><![CDATA[Oct 17, 2024 8:46:06 PM org.openqa.selenium.devtools.CdpVersionFinder findNearestMatch
WARNING: Unable to find CDP implementation matching 130
Oct 17, 2024 8:46:06 PM org.openqa.selenium.chromium.ChromiumDriver lambda$new$5
WARNING: Unable to find version of CDP to use for 130.0.6723.59. You may need to include a dependency on a specific version of the CDP using something similar to `org.seleniumhq.selenium:selenium-devtools-v86:4.12.1` where the version ("v86") matches the version of the chromium-based browser you're using and the version number of the artifact is the same as Selenium's.
]]></system-err>
  </testcase>
  <testcase name="validateLoginFromColumn[sony@gmail.com, sony@123](1)" classname="com.opencart.tests.LogoutTest" time="4.154">
    <system-out><![CDATA[successfully clicked on element - [[ChromeDriver: chrome on windows (6493883cb0b04bd1d11dff5873e2bf80)] -> xpath: //span[normalize-space()='My Account']]
Login - selected from options
successfully entered value
successfully entered value
successfully clicked on element - Proxy element for: DefaultElementLocator 'By.xpath: //input[@value='Login']'
successfully clicked on element - Proxy element for: DefaultElementLocator 'By.xpath: //a[@class='list-group-item'][normalize-space()='Logout']'
Inner text is: "Account Logout"
]]></system-out>
    <system-err><![CDATA[Oct 17, 2024 8:46:23 PM org.openqa.selenium.devtools.CdpVersionFinder findNearestMatch
WARNING: Unable to find CDP implementation matching 130
Oct 17, 2024 8:46:23 PM org.openqa.selenium.chromium.ChromiumDriver lambda$new$5
WARNING: Unable to find version of CDP to use for 130.0.6723.59. You may need to include a dependency on a specific version of the CDP using something similar to `org.seleniumhq.selenium:selenium-devtools-v86:4.12.1` where the version ("v86") matches the version of the chromium-based browser you're using and the version number of the artifact is the same as Selenium's.
]]></system-err>
  </testcase>
  <testcase name="searchWithValidKeyword" classname="com.opencart.tests.SearchTest" time="1.853">
    <system-out><![CDATA[successfully entered value
successfully clicked on element - [[ChromeDriver: chrome on windows (2da40535ef46d540c4d44fc21aa723c5)] -> xpath: //button[@class='btn btn-default btn-lg']]
]]></system-out>
    <system-err><![CDATA[Oct 17, 2024 8:46:38 PM org.openqa.selenium.devtools.CdpVersionFinder findNearestMatch
WARNING: Unable to find CDP implementation matching 130
Oct 17, 2024 8:46:38 PM org.openqa.selenium.chromium.ChromiumDriver lambda$new$5
WARNING: Unable to find version of CDP to use for 130.0.6723.59. You may need to include a dependency on a specific version of the CDP using something similar to `org.seleniumhq.selenium:selenium-devtools-v86:4.12.1` where the version ("v86") matches the version of the chromium-based browser you're using and the version number of the artifact is the same as Selenium's.
]]></system-err>
  </testcase>
  <testcase name="searchForNonExistingProduct" classname="com.opencart.tests.SearchTest" time="1.601">
    <system-out><![CDATA[successfully entered value
successfully clicked on element - [[ChromeDriver: chrome on windows (a57ec5388621feabe9b6550235644652)] -> xpath: //button[@class='btn btn-default btn-lg']]
Inner text is: "There is no product that matches the search criteria."
]]></system-out>
    <system-err><![CDATA[Oct 17, 2024 8:46:50 PM org.openqa.selenium.devtools.CdpVersionFinder findNearestMatch
WARNING: Unable to find CDP implementation matching 130
Oct 17, 2024 8:46:50 PM org.openqa.selenium.chromium.ChromiumDriver lambda$new$5
WARNING: Unable to find version of CDP to use for 130.0.6723.59. You may need to include a dependency on a specific version of the CDP using something similar to `org.seleniumhq.selenium:selenium-devtools-v86:4.12.1` where the version ("v86") matches the version of the chromium-based browser you're using and the version number of the artifact is the same as Selenium's.
]]></system-err>
  </testcase>
  <testcase name="sarchWithoutProductName" classname="com.opencart.tests.SearchTest" time="1.821">
    <system-out><![CDATA[successfully entered value
successfully clicked on element - [[ChromeDriver: chrome on windows (7026c2dfb93a63680f37526e5942ab3f)] -> xpath: //button[@class='btn btn-default btn-lg']]
Inner text is: "There is no product that matches the search criteria."
]]></system-out>
    <system-err><![CDATA[Oct 17, 2024 8:47:02 PM org.openqa.selenium.devtools.CdpVersionFinder findNearestMatch
WARNING: Unable to find CDP implementation matching 130
Oct 17, 2024 8:47:02 PM org.openqa.selenium.chromium.ChromiumDriver lambda$new$5
WARNING: Unable to find version of CDP to use for 130.0.6723.59. You may need to include a dependency on a specific version of the CDP using something similar to `org.seleniumhq.selenium:selenium-devtools-v86:4.12.1` where the version ("v86") matches the version of the chromium-based browser you're using and the version number of the artifact is the same as Selenium's.
]]></system-err>
  </testcase>
  <testcase name="searchWithCaseInSensitiveProductName" classname="com.opencart.tests.SearchTest" time="2.017">
    <system-out><![CDATA[successfully entered value
successfully clicked on element - [[ChromeDriver: chrome on windows (5c0fb761b034904643695a614a7513b6)] -> xpath: //button[@class='btn btn-default btn-lg']]
]]></system-out>
    <system-err><![CDATA[Oct 17, 2024 8:47:16 PM org.openqa.selenium.devtools.CdpVersionFinder findNearestMatch
WARNING: Unable to find CDP implementation matching 130
Oct 17, 2024 8:47:16 PM org.openqa.selenium.chromium.ChromiumDriver lambda$new$5
WARNING: Unable to find version of CDP to use for 130.0.6723.59. You may need to include a dependency on a specific version of the CDP using something similar to `org.seleniumhq.selenium:selenium-devtools-v86:4.12.1` where the version ("v86") matches the version of the chromium-based browser you're using and the version number of the artifact is the same as Selenium's.
]]></system-err>
  </testcase>
  <testcase name="searchWithMultipleKeyword" classname="com.opencart.tests.SearchTest" time="1.857">
    <system-out><![CDATA[successfully entered value
successfully clicked on element - [[ChromeDriver: chrome on windows (6d30cb2c50cac6bf0ba37b29a5881dfa)] -> xpath: //button[@class='btn btn-default btn-lg']]
Inner text is: "Samsung Galaxy Tab 10.1"
return multiple = Samsung Galaxy Tab 10.1
]]></system-out>
    <system-err><![CDATA[Oct 17, 2024 8:47:28 PM org.openqa.selenium.devtools.CdpVersionFinder findNearestMatch
WARNING: Unable to find CDP implementation matching 130
Oct 17, 2024 8:47:28 PM org.openqa.selenium.chromium.ChromiumDriver lambda$new$5
WARNING: Unable to find version of CDP to use for 130.0.6723.59. You may need to include a dependency on a specific version of the CDP using something similar to `org.seleniumhq.selenium:selenium-devtools-v86:4.12.1` where the version ("v86") matches the version of the chromium-based browser you're using and the version number of the artifact is the same as Selenium's.
]]></system-err>
  </testcase>
</testsuite>