<?xml version="1.0" encoding="UTF-8"?>
<testng-results ignored="0" total="5" passed="5" failed="0" skipped="0">
  <reporter-output>
  </reporter-output>
  <suite started-at="2024-02-18T16:27:10 IST" name="Suite" finished-at="2024-02-18T16:28:21 IST" duration-ms="70879">
    <groups>
    </groups>
    <test started-at="2024-02-18T16:27:10 IST" name="Test" finished-at="2024-02-18T16:28:21 IST" duration-ms="70879">
      <class name="com.opencart.tests.SearchTest">
        <test-method is-config="true" signature="beforeMethod(java.lang.String)[pri:0, instance:com.opencart.tests.SearchTest@43bc63a3]" started-at="2024-02-18T16:27:11 IST" name="beforeMethod" finished-at="2024-02-18T16:27:42 IST" duration-ms="31147" status="PASS">
          <params>
            <param index="0">
              <value>
                <![CDATA[chrome]]>
              </value>
            </param>
          </params>
          <reporter-output>
          </reporter-output>
        </test-method> <!-- beforeMethod -->
        <test-method signature="searchWithValidKeyword()[pri:0, instance:com.opencart.tests.SearchTest@43bc63a3]" started-at="2024-02-18T16:27:42 IST" name="searchWithValidKeyword" finished-at="2024-02-18T16:27:43 IST" duration-ms="1434" status="PASS">
          <reporter-output>
          </reporter-output>
        </test-method> <!-- searchWithValidKeyword -->
        <test-method is-config="true" signature="afterMethod()[pri:0, instance:com.opencart.tests.SearchTest@43bc63a3]" started-at="2024-02-18T16:27:43 IST" name="afterMethod" finished-at="2024-02-18T16:27:44 IST" duration-ms="319" status="PASS">
          <reporter-output>
          </reporter-output>
        </test-method> <!-- afterMethod -->
        <test-method is-config="true" signature="beforeMethod(java.lang.String)[pri:0, instance:com.opencart.tests.SearchTest@43bc63a3]" started-at="2024-02-18T16:27:44 IST" name="beforeMethod" finished-at="2024-02-18T16:27:51 IST" duration-ms="7556" status="PASS">
          <params>
            <param index="0">
              <value>
                <![CDATA[chrome]]>
              </value>
            </param>
          </params>
          <reporter-output>
          </reporter-output>
        </test-method> <!-- beforeMethod -->
        <test-method signature="searchForNonExistingProduct()[pri:1, instance:com.opencart.tests.SearchTest@43bc63a3]" started-at="2024-02-18T16:27:51 IST" name="searchForNonExistingProduct" finished-at="2024-02-18T16:27:52 IST" duration-ms="1032" status="PASS">
          <reporter-output>
          </reporter-output>
        </test-method> <!-- searchForNonExistingProduct -->
        <test-method is-config="true" signature="afterMethod()[pri:0, instance:com.opencart.tests.SearchTest@43bc63a3]" started-at="2024-02-18T16:27:52 IST" name="afterMethod" finished-at="2024-02-18T16:27:53 IST" duration-ms="339" status="PASS">
          <reporter-output>
          </reporter-output>
        </test-method> <!-- afterMethod -->
        <test-method is-config="true" signature="beforeMethod(java.lang.String)[pri:0, instance:com.opencart.tests.SearchTest@43bc63a3]" started-at="2024-02-18T16:27:53 IST" name="beforeMethod" finished-at="2024-02-18T16:28:00 IST" duration-ms="7841" status="PASS">
          <params>
            <param index="0">
              <value>
                <![CDATA[chrome]]>
              </value>
            </param>
          </params>
          <reporter-output>
          </reporter-output>
        </test-method> <!-- beforeMethod -->
        <test-method signature="sarchWithoutProductName()[pri:2, instance:com.opencart.tests.SearchTest@43bc63a3]" started-at="2024-02-18T16:28:00 IST" name="sarchWithoutProductName" finished-at="2024-02-18T16:28:01 IST" duration-ms="1009" status="PASS">
          <reporter-output>
          </reporter-output>
        </test-method> <!-- sarchWithoutProductName -->
        <test-method is-config="true" signature="afterMethod()[pri:0, instance:com.opencart.tests.SearchTest@43bc63a3]" started-at="2024-02-18T16:28:01 IST" name="afterMethod" finished-at="2024-02-18T16:28:02 IST" duration-ms="371" status="PASS">
          <reporter-output>
          </reporter-output>
        </test-method> <!-- afterMethod -->
        <test-method is-config="true" signature="beforeMethod(java.lang.String)[pri:0, instance:com.opencart.tests.SearchTest@43bc63a3]" started-at="2024-02-18T16:28:02 IST" name="beforeMethod" finished-at="2024-02-18T16:28:10 IST" duration-ms="7965" status="PASS">
          <params>
            <param index="0">
              <value>
                <![CDATA[chrome]]>
              </value>
            </param>
          </params>
          <reporter-output>
          </reporter-output>
        </test-method> <!-- beforeMethod -->
        <test-method signature="searchWithCaseInSensitiveProductName()[pri:3, instance:com.opencart.tests.SearchTest@43bc63a3]" started-at="2024-02-18T16:28:10 IST" name="searchWithCaseInSensitiveProductName" finished-at="2024-02-18T16:28:11 IST" duration-ms="1067" status="PASS">
          <reporter-output>
          </reporter-output>
        </test-method> <!-- searchWithCaseInSensitiveProductName -->
        <test-method is-config="true" signature="afterMethod()[pri:0, instance:com.opencart.tests.SearchTest@43bc63a3]" started-at="2024-02-18T16:28:11 IST" name="afterMethod" finished-at="2024-02-18T16:28:11 IST" duration-ms="301" status="PASS">
          <reporter-output>
          </reporter-output>
        </test-method> <!-- afterMethod -->
        <test-method is-config="true" signature="beforeMethod(java.lang.String)[pri:0, instance:com.opencart.tests.SearchTest@43bc63a3]" started-at="2024-02-18T16:28:11 IST" name="beforeMethod" finished-at="2024-02-18T16:28:19 IST" duration-ms="8309" status="PASS">
          <params>
            <param index="0">
              <value>
                <![CDATA[chrome]]>
              </value>
            </param>
          </params>
          <reporter-output>
          </reporter-output>
        </test-method> <!-- beforeMethod -->
        <test-method signature="searchWithMultipleKeyword()[pri:4, instance:com.opencart.tests.SearchTest@43bc63a3]" started-at="2024-02-18T16:28:19 IST" name="searchWithMultipleKeyword" finished-at="2024-02-18T16:28:21 IST" duration-ms="1201" status="PASS">
          <reporter-output>
          </reporter-output>
        </test-method> <!-- searchWithMultipleKeyword -->
        <test-method is-config="true" signature="afterMethod()[pri:0, instance:com.opencart.tests.SearchTest@43bc63a3]" started-at="2024-02-18T16:28:21 IST" name="afterMethod" finished-at="2024-02-18T16:28:21 IST" duration-ms="311" status="PASS">
          <reporter-output>
          </reporter-output>
        </test-method> <!-- afterMethod -->
      </class> <!-- com.opencart.tests.SearchTest -->
    </test> <!-- Test -->
  </suite> <!-- Suite -->
</testng-results>
